<?xml version="1.0" encoding="UTF-8"?>
<!-- Generated by org.testng.reporters.JUnitReportReporter -->
<testsuite name="com.joe.test.pagefactory.demo.test_baidu_search_po" tests="1" time="2.166" ignored="0" failures="0" timestamp="08 三月 2021 23:50:26 GMT" skipped="0" hostname="Win7-2019KAPYBZ" errors="0">
  <testcase name="test_baidu_search" time="2.166" classname="com.joe.test.pagefactory.demo.test_baidu_search_po"/>
</testsuite> <!-- com.joe.test.pagefactory.demo.test_baidu_search_po -->
