<?xml version="1.0" encoding="UTF-8"?>
<!-- Generated by org.testng.reporters.JUnitReportReporter -->
<testsuite name="com.xp.test.seleniumDemo.AppTest" tests="1" time="0.030" ignored="0" failures="0" timestamp="28 二月 2021 08:51:49 GMT" skipped="0" hostname="Win7-2019KAPYBZ" errors="0">
  <testcase name="shouldAnswerWithTrue" time="0.030" classname="com.xp.test.seleniumDemo.AppTest"/>
</testsuite> <!-- com.xp.test.seleniumDemo.AppTest -->
