<?xml version="1.0" encoding="UTF-8"?>
<!-- Generated by org.testng.reporters.JUnitReportReporter -->
<testsuite name="com.xp.test.baiduDemo.TestBaidu" tests="2" time="23.523" ignored="0" failures="0" timestamp="28 十二月 2020 14:50:52 GMT" skipped="0" hostname="Win7-2019KAPYBZ" errors="0">
  <testcase name="test_browser" time="10.806" classname="com.xp.test.baiduDemo.TestBaidu"/>
  <testcase name="test_browser" time="12.717" classname="com.xp.test.baiduDemo.TestBaidu"/>
</testsuite> <!-- com.xp.test.baiduDemo.TestBaidu -->
