<?xml version="1.0" encoding="UTF-8"?>
<!-- Generated by org.testng.reporters.JUnitReportReporter -->
<testsuite name="com.xp.test.baiduDemo.test_parameters" tests="1" time="19.634" ignored="0" failures="0" timestamp="07 三月 2021 08:04:24 GMT" skipped="0" hostname="Win7-2019KAPYBZ" errors="0">
  <testcase name="aecondtest" time="19.634" classname="com.xp.test.baiduDemo.test_parameters"/>
</testsuite> <!-- com.xp.test.baiduDemo.test_parameters -->
