<?xml version="1.0" encoding="UTF-8"?>
<!-- Generated by org.testng.reporters.JUnitReportReporter -->
<testsuite name="com.xp.test.baiduDemo.test_baidu_search_po" tests="1" time="2.513" ignored="0" failures="0" timestamp="07 三月 2021 16:02:29 GMT" skipped="0" hostname="Win7-2019KAPYBZ" errors="0">
  <testcase name="test_baidu_search" time="2.513" classname="com.xp.test.baiduDemo.test_baidu_search_po"/>
</testsuite> <!-- com.xp.test.baiduDemo.test_baidu_search_po -->
