<?xml version="1.0" encoding="UTF-8"?>
<!-- Generated by org.testng.reporters.JUnitReportReporter -->
<testsuite name="com.joe.test.pagefactory.demo.test_parameters" tests="1" time="12.015" ignored="0" failures="0" timestamp="08 Mar 2021 03:03:54 GMT" skipped="0" hostname="Win7-2019KAPYBZ" errors="0">
  <testcase name="aecondtest" time="12.015" classname="com.joe.test.pagefactory.demo.test_parameters"/>
</testsuite> <!-- com.joe.test.pagefactory.demo.test_parameters -->
