<?xml version="1.0" encoding="UTF-8"?>
<!-- Generated by org.testng.reporters.JUnitReportReporter -->
<testsuite name="com.xp.test.baiduDemo.test_linear_script" tests="1" time="10.449" ignored="0" failures="0" timestamp="07 三月 2021 07:20:24 GMT" skipped="0" hostname="Win7-2019KAPYBZ" errors="0">
  <testcase name="test_baidu_demo" time="10.449" classname="com.xp.test.baiduDemo.test_linear_script"/>
</testsuite> <!-- com.xp.test.baiduDemo.test_linear_script -->
