<?xml version="1.0" encoding="UTF-8"?>
<!-- Generated by org.testng.reporters.JUnitReportReporter -->
<testsuite name="com.xp.test.baiduDemo.test_dataprovider" tests="2" time="25.296" ignored="0" failures="0" timestamp="07 三月 2021 07:58:11 GMT" skipped="0" hostname="Win7-2019KAPYBZ" errors="0">
  <testcase name="aecondtest" time="14.096" classname="com.xp.test.baiduDemo.test_dataprovider"/>
  <testcase name="aecondtest" time="11.200" classname="com.xp.test.baiduDemo.test_dataprovider"/>
</testsuite> <!-- com.xp.test.baiduDemo.test_dataprovider -->
