<?xml version="1.0" encoding="UTF-8"?>
<!-- Generated by org.testng.reporters.JUnitReportReporter -->
<testsuite name="com.xp.test.baiduDemo.BrowserTest" tests="1" time="19.245" ignored="0" failures="0" timestamp="06 三月 2021 14:41:26 GMT" skipped="0" hostname="Win7-2019KAPYBZ" errors="0">
  <testcase name="aecondtest" time="19.245" classname="com.xp.test.baiduDemo.BrowserTest"/>
</testsuite> <!-- com.xp.test.baiduDemo.BrowserTest -->
